[Mon May 20 13:28:13.238167 2019] [:error] [pid 1560] [client ::1:38742] script '/var/www/pentastar/HTML5-Responsive-CompanyWebsite-master/index.php' not found or unable to stat
[Mon May 20 13:38:18.354938 2019] [:error] [pid 27591] [client ::1:41202] script '/var/www/pentastar/HTML5-Responsive-CompanyWebsite-master/index.php' not found or unable to stat
[Mon May 20 13:38:19.210805 2019] [:error] [pid 27591] [client ::1:41202] script '/var/www/pentastar/HTML5-Responsive-CompanyWebsite-master/index.php' not found or unable to stat
[Mon May 20 13:38:19.374359 2019] [:error] [pid 27591] [client ::1:41202] script '/var/www/pentastar/HTML5-Responsive-CompanyWebsite-master/index.php' not found or unable to stat
[Mon May 20 13:38:19.550339 2019] [:error] [pid 27591] [client ::1:41202] script '/var/www/pentastar/HTML5-Responsive-CompanyWebsite-master/index.php' not found or unable to stat
[Mon May 20 13:38:19.709321 2019] [:error] [pid 27591] [client ::1:41202] script '/var/www/pentastar/HTML5-Responsive-CompanyWebsite-master/index.php' not found or unable to stat
[Mon May 20 14:21:40.513729 2019] [:error] [pid 5392] [client ::1:41430] PHP Warning:  require(./header.php): failed to open stream: No such file or directory in /var/www/pentastar/index.php on line 98, referer: http://localhost:8091/
[Mon May 20 14:21:40.513903 2019] [:error] [pid 5392] [client ::1:41430] PHP Fatal error:  require(): Failed opening required './header.php' (include_path='.:/usr/share/pear:/usr/share/php') in /var/www/pentastar/index.php on line 98, referer: http://localhost:8091/
[Mon May 20 14:21:41.558024 2019] [:error] [pid 31800] [client ::1:41432] PHP Warning:  require(./header.php): failed to open stream: No such file or directory in /var/www/pentastar/index.php on line 98, referer: http://localhost:8091/
[Mon May 20 14:21:41.558100 2019] [:error] [pid 31800] [client ::1:41432] PHP Fatal error:  require(): Failed opening required './header.php' (include_path='.:/usr/share/pear:/usr/share/php') in /var/www/pentastar/index.php on line 98, referer: http://localhost:8091/
[Tue May 21 12:55:34.254827 2019] [:error] [pid 11376] [client ::1:48790] PHP Fatal error:  Call to undefined function reuqire() in /var/www/pentastar/company-introduction/index.php on line 2, referer: http://localhost:8091/
[Tue May 21 13:06:12.874557 2019] [:error] [pid 11376] [client ::1:54180] PHP Fatal error:  Call to undefined function reuqire() in /var/www/pentastar/company-introduction/index.php on line 2, referer: http://localhost:8091/
[Tue May 21 13:06:58.725521 2019] [:error] [pid 11375] [client ::1:54554] PHP Warning:  require(./header.php): failed to open stream: No such file or directory in /var/www/pentastar/company-introduction/index.php on line 2, referer: http://localhost:8091/
[Tue May 21 13:06:58.725607 2019] [:error] [pid 11375] [client ::1:54554] PHP Fatal error:  require(): Failed opening required './header.php' (include_path='.:/usr/share/pear:/usr/share/php') in /var/www/pentastar/company-introduction/index.php on line 2, referer: http://localhost:8091/
[Tue May 21 13:53:21.205636 2019] [:error] [pid 11376] [client ::1:40896] PHP Warning:  require(./header.php): failed to open stream: No such file or directory in /var/www/pentastar/company-introduction/index.php on line 3, referer: http://localhost:8091/
[Tue May 21 13:53:21.205705 2019] [:error] [pid 11376] [client ::1:40896] PHP Fatal error:  require(): Failed opening required './header.php' (include_path='.:/usr/share/pear:/usr/share/php') in /var/www/pentastar/company-introduction/index.php on line 3, referer: http://localhost:8091/
[Tue May 21 13:56:03.857208 2019] [:error] [pid 11378] [client ::1:42184] PHP Warning:  require(./header.php): failed to open stream: No such file or directory in /var/www/pentastar/company-introduction/index.php on line 3, referer: http://localhost:8091/index.php
[Tue May 21 13:56:03.857286 2019] [:error] [pid 11378] [client ::1:42184] PHP Fatal error:  require(): Failed opening required './header.php' (include_path='.:/usr/share/pear:/usr/share/php') in /var/www/pentastar/company-introduction/index.php on line 3, referer: http://localhost:8091/index.php
[Tue May 21 14:39:20.185190 2019] [:error] [pid 11375] [client ::1:34948] PHP Warning:  require(./header.php): failed to open stream: No such file or directory in /var/www/pentastar/company-introduction/index.php on line 3, referer: http://localhost:8091/index.php
[Tue May 21 14:39:20.185251 2019] [:error] [pid 11375] [client ::1:34948] PHP Fatal error:  require(): Failed opening required './header.php' (include_path='.:/usr/share/pear:/usr/share/php') in /var/www/pentastar/company-introduction/index.php on line 3, referer: http://localhost:8091/index.php
[Tue May 21 17:13:26.166161 2019] [:error] [pid 16836] [client ::1:53164] PHP Warning:  require(./header.php): failed to open stream: No such file or directory in /var/www/pentastar/company-introduction/index.php on line 3, referer: http://localhost:8091/index.php
[Tue May 21 17:13:26.166274 2019] [:error] [pid 16836] [client ::1:53164] PHP Fatal error:  require(): Failed opening required './header.php' (include_path='.:/usr/share/pear:/usr/share/php') in /var/www/pentastar/company-introduction/index.php on line 3, referer: http://localhost:8091/index.php
[Wed May 22 08:31:21.130765 2019] [:error] [pid 1551] [client ::1:34230] PHP Warning:  require(./header.php): failed to open stream: No such file or directory in /var/www/pentastar/company-introduction/index.php on line 3, referer: http://localhost:8091/index.php
[Wed May 22 08:31:21.131196 2019] [:error] [pid 1551] [client ::1:34230] PHP Fatal error:  require(): Failed opening required './header.php' (include_path='.:/usr/share/pear:/usr/share/php') in /var/www/pentastar/company-introduction/index.php on line 3, referer: http://localhost:8091/index.php
[Wed May 22 08:48:59.960293 2019] [:error] [pid 1554] [client ::1:34526] PHP Warning:  require(./header.php): failed to open stream: No such file or directory in /var/www/pentastar/company-introduction/index.php on line 3, referer: http://localhost:8091/index.php
[Wed May 22 08:48:59.960425 2019] [:error] [pid 1554] [client ::1:34526] PHP Fatal error:  require(): Failed opening required './header.php' (include_path='.:/usr/share/pear:/usr/share/php') in /var/www/pentastar/company-introduction/index.php on line 3, referer: http://localhost:8091/index.php
[Wed May 22 08:56:45.313595 2019] [:error] [pid 1548] [client ::1:34608] PHP Warning:  require(./header.php): failed to open stream: No such file or directory in /var/www/pentastar/company-introduction/index.php on line 4, referer: http://localhost:8091/
[Wed May 22 08:56:45.313672 2019] [:error] [pid 1548] [client ::1:34608] PHP Fatal error:  require(): Failed opening required './header.php' (include_path='.:/usr/share/pear:/usr/share/php') in /var/www/pentastar/company-introduction/index.php on line 4, referer: http://localhost:8091/
[Wed May 22 08:56:52.432019 2019] [:error] [pid 1551] [client ::1:34612] PHP Warning:  require(./header.php): failed to open stream: No such file or directory in /var/www/pentastar/company-introduction/index.php on line 4, referer: http://localhost:8091/
[Wed May 22 08:56:52.432082 2019] [:error] [pid 1551] [client ::1:34612] PHP Fatal error:  require(): Failed opening required './header.php' (include_path='.:/usr/share/pear:/usr/share/php') in /var/www/pentastar/company-introduction/index.php on line 4, referer: http://localhost:8091/
[Wed May 22 09:02:08.029101 2019] [:error] [pid 7304] [client ::1:34656] PHP Warning:  require(./header.php): failed to open stream: No such file or directory in /var/www/pentastar/company-introduction/index.php on line 5, referer: http://localhost:8091/
[Wed May 22 09:02:08.029203 2019] [:error] [pid 7304] [client ::1:34656] PHP Fatal error:  require(): Failed opening required './header.php' (include_path='.:/usr/share/pear:/usr/share/php') in /var/www/pentastar/company-introduction/index.php on line 5, referer: http://localhost:8091/
[Wed May 22 09:05:48.064849 2019] [:error] [pid 1546] [client ::1:34686] PHP Warning:  require(Documentroot/header.php): failed to open stream: No such file or directory in /var/www/pentastar/company-introduction/index.php on line 5, referer: http://localhost:8091/
[Wed May 22 09:05:48.064938 2019] [:error] [pid 1546] [client ::1:34686] PHP Fatal error:  require(): Failed opening required 'Documentroot/header.php' (include_path='.:/usr/share/pear:/usr/share/php') in /var/www/pentastar/company-introduction/index.php on line 5, referer: http://localhost:8091/
[Wed May 22 09:14:03.986465 2019] [:error] [pid 7295] [client ::1:34826] PHP Warning:  require(./footer.php): failed to open stream: No such file or directory in /var/www/pentastar/company-introduction/index.php on line 7, referer: http://localhost:8091/
[Wed May 22 09:14:03.986569 2019] [:error] [pid 7295] [client ::1:34826] PHP Fatal error:  require(): Failed opening required './footer.php' (include_path='.:/usr/share/pear:/usr/share/php') in /var/www/pentastar/company-introduction/index.php on line 7, referer: http://localhost:8091/
[Wed May 22 16:26:32.612114 2019] [:error] [pid 7304] [client ::1:38514] PHP Warning:  require(./header.php): failed to open stream: No such file or directory in /var/www/pentastar/company-introduction/index.php on line 4, referer: http://localhost:8091/
[Wed May 22 16:26:32.612142 2019] [:error] [pid 7304] [client ::1:38514] PHP Fatal error:  require(): Failed opening required './header.php' (include_path='.:/usr/share/pear:/usr/share/php') in /var/www/pentastar/company-introduction/index.php on line 4, referer: http://localhost:8091/
[Wed May 22 16:26:33.693484 2019] [:error] [pid 1546] [client ::1:38516] PHP Warning:  require(./header.php): failed to open stream: No such file or directory in /var/www/pentastar/company-introduction/index.php on line 4, referer: http://localhost:8091/
[Wed May 22 16:26:33.693576 2019] [:error] [pid 1546] [client ::1:38516] PHP Fatal error:  require(): Failed opening required './header.php' (include_path='.:/usr/share/pear:/usr/share/php') in /var/www/pentastar/company-introduction/index.php on line 4, referer: http://localhost:8091/
[Wed May 22 16:26:43.121272 2019] [:error] [pid 1551] [client ::1:38518] PHP Warning:  require(./header.php): failed to open stream: No such file or directory in /var/www/pentastar/company-introduction/index.php on line 4, referer: http://localhost:8091/
[Wed May 22 16:26:43.121365 2019] [:error] [pid 1551] [client ::1:38518] PHP Fatal error:  require(): Failed opening required './header.php' (include_path='.:/usr/share/pear:/usr/share/php') in /var/www/pentastar/company-introduction/index.php on line 4, referer: http://localhost:8091/
[Wed May 22 16:26:43.315931 2019] [:error] [pid 7301] [client ::1:38520] PHP Warning:  require(./header.php): failed to open stream: No such file or directory in /var/www/pentastar/company-introduction/index.php on line 4, referer: http://localhost:8091/
[Wed May 22 16:26:43.315964 2019] [:error] [pid 7301] [client ::1:38520] PHP Fatal error:  require(): Failed opening required './header.php' (include_path='.:/usr/share/pear:/usr/share/php') in /var/www/pentastar/company-introduction/index.php on line 4, referer: http://localhost:8091/
[Wed May 22 16:26:43.492534 2019] [:error] [pid 7295] [client ::1:38522] PHP Warning:  require(./header.php): failed to open stream: No such file or directory in /var/www/pentastar/company-introduction/index.php on line 4, referer: http://localhost:8091/
[Wed May 22 16:26:43.492567 2019] [:error] [pid 7295] [client ::1:38522] PHP Fatal error:  require(): Failed opening required './header.php' (include_path='.:/usr/share/pear:/usr/share/php') in /var/www/pentastar/company-introduction/index.php on line 4, referer: http://localhost:8091/
[Wed May 22 16:27:11.900108 2019] [:error] [pid 7303] [client ::1:38530] PHP Warning:  require(./header.php): failed to open stream: No such file or directory in /var/www/pentastar/company-introduction/index.php on line 29, referer: http://localhost:8091/
[Wed May 22 16:27:11.900228 2019] [:error] [pid 7303] [client ::1:38530] PHP Fatal error:  require(): Failed opening required './header.php' (include_path='.:/usr/share/pear:/usr/share/php') in /var/www/pentastar/company-introduction/index.php on line 29, referer: http://localhost:8091/
[Wed May 22 16:27:13.194257 2019] [:error] [pid 1548] [client ::1:38532] PHP Warning:  require(./header.php): failed to open stream: No such file or directory in /var/www/pentastar/company-introduction/index.php on line 29, referer: http://localhost:8091/
[Wed May 22 16:27:13.194332 2019] [:error] [pid 1548] [client ::1:38532] PHP Fatal error:  require(): Failed opening required './header.php' (include_path='.:/usr/share/pear:/usr/share/php') in /var/www/pentastar/company-introduction/index.php on line 29, referer: http://localhost:8091/
[Wed May 22 16:27:13.713171 2019] [:error] [pid 1554] [client ::1:38534] PHP Warning:  require(./header.php): failed to open stream: No such file or directory in /var/www/pentastar/company-introduction/index.php on line 29, referer: http://localhost:8091/
[Wed May 22 16:27:13.713256 2019] [:error] [pid 1554] [client ::1:38534] PHP Fatal error:  require(): Failed opening required './header.php' (include_path='.:/usr/share/pear:/usr/share/php') in /var/www/pentastar/company-introduction/index.php on line 29, referer: http://localhost:8091/
[Wed May 22 16:27:13.897241 2019] [:error] [pid 6892] [client ::1:38536] PHP Warning:  require(./header.php): failed to open stream: No such file or directory in /var/www/pentastar/company-introduction/index.php on line 29, referer: http://localhost:8091/
[Wed May 22 16:27:13.897356 2019] [:error] [pid 6892] [client ::1:38536] PHP Fatal error:  require(): Failed opening required './header.php' (include_path='.:/usr/share/pear:/usr/share/php') in /var/www/pentastar/company-introduction/index.php on line 29, referer: http://localhost:8091/
[Fri May 24 09:24:11.128588 2019] [:error] [pid 8545] [client ::1:44798] script '/var/www/pentastar/company-introduction/.index.php' not found or unable to stat, referer: http://localhost:8091/company-introduction/index.php
[Fri May 24 09:24:14.234627 2019] [:error] [pid 8545] [client ::1:44798] script '/var/www/pentastar/company-introduction/.index.php' not found or unable to stat, referer: http://localhost:8091/company-introduction/index.php
[Fri May 24 14:07:58.887679 2019] [:error] [pid 8544] [client ::1:40072] PHP Warning:  require(./footer.php): failed to open stream: No such file or directory in /var/www/pentastar/company-introduction/Organization chart.php on line 20, referer: http://localhost:8091/company-introduction/corparate_culture.php
[Fri May 24 14:07:58.887782 2019] [:error] [pid 8544] [client ::1:40072] PHP Fatal error:  require(): Failed opening required './footer.php' (include_path='.:/usr/share/pear:/usr/share/php') in /var/www/pentastar/company-introduction/Organization chart.php on line 20, referer: http://localhost:8091/company-introduction/corparate_culture.php
[Fri May 24 14:08:02.957058 2019] [:error] [pid 8540] [client ::1:40106] PHP Warning:  require(./footer.php): failed to open stream: No such file or directory in /var/www/pentastar/company-introduction/Organization chart.php on line 20, referer: http://localhost:8091/company-introduction/Organization%20chart.php
[Fri May 24 14:08:02.957103 2019] [:error] [pid 8540] [client ::1:40106] PHP Fatal error:  require(): Failed opening required './footer.php' (include_path='.:/usr/share/pear:/usr/share/php') in /var/www/pentastar/company-introduction/Organization chart.php on line 20, referer: http://localhost:8091/company-introduction/Organization%20chart.php
[Fri May 24 14:08:03.666151 2019] [:error] [pid 1641] [client ::1:40116] PHP Warning:  require(./footer.php): failed to open stream: No such file or directory in /var/www/pentastar/company-introduction/Organization chart.php on line 20, referer: http://localhost:8091/company-introduction/Organization%20chart.php
[Fri May 24 14:08:03.666269 2019] [:error] [pid 1641] [client ::1:40116] PHP Fatal error:  require(): Failed opening required './footer.php' (include_path='.:/usr/share/pear:/usr/share/php') in /var/www/pentastar/company-introduction/Organization chart.php on line 20, referer: http://localhost:8091/company-introduction/Organization%20chart.php
[Fri May 24 14:11:18.683320 2019] [:error] [pid 8545] [client ::1:41676] PHP Warning:  require(./footer.php): failed to open stream: No such file or directory in /var/www/pentastar/company-introduction/Organization chart.php on line 20, referer: http://localhost:8091/company-introduction/Organization%20chart.php
[Fri May 24 14:11:18.683398 2019] [:error] [pid 8545] [client ::1:41676] PHP Fatal error:  require(): Failed opening required './footer.php' (include_path='.:/usr/share/pear:/usr/share/php') in /var/www/pentastar/company-introduction/Organization chart.php on line 20, referer: http://localhost:8091/company-introduction/Organization%20chart.php
[Fri May 24 14:11:20.204951 2019] [:error] [pid 1645] [client ::1:41694] PHP Warning:  require(./footer.php): failed to open stream: No such file or directory in /var/www/pentastar/company-introduction/Organization chart.php on line 20, referer: http://localhost:8091/company-introduction/Organization%20chart.php
[Fri May 24 14:11:20.205063 2019] [:error] [pid 1645] [client ::1:41694] PHP Fatal error:  require(): Failed opening required './footer.php' (include_path='.:/usr/share/pear:/usr/share/php') in /var/www/pentastar/company-introduction/Organization chart.php on line 20, referer: http://localhost:8091/company-introduction/Organization%20chart.php
[Fri May 24 14:11:20.449851 2019] [:error] [pid 1642] [client ::1:41696] PHP Warning:  require(./footer.php): failed to open stream: No such file or directory in /var/www/pentastar/company-introduction/Organization chart.php on line 20, referer: http://localhost:8091/company-introduction/Organization%20chart.php
[Fri May 24 14:11:20.449989 2019] [:error] [pid 1642] [client ::1:41696] PHP Fatal error:  require(): Failed opening required './footer.php' (include_path='.:/usr/share/pear:/usr/share/php') in /var/www/pentastar/company-introduction/Organization chart.php on line 20, referer: http://localhost:8091/company-introduction/Organization%20chart.php
[Mon May 27 12:42:29.878000 2019] [:error] [pid 1537] [client ::1:47978] script '/var/www/pentastar/technology/palm.php' not found or unable to stat, referer: http://localhost:8091/technology/index.php
[Mon May 27 13:29:57.089834 2019] [:error] [pid 6529] [client ::1:35828] script '/var/www/pentastar/technology/palm.php' not found or unable to stat, referer: http://localhost:8091/technology/index.php
